2023-06-22 16:41:45,213 INFO notifyConnectTimeout:200

2023-06-22 16:41:45,218 INFO notifySocketTimeout:8000

2023-06-22 16:41:45,218 INFO isHealthCheck:true

2023-06-22 16:41:45,218 INFO maxHealthCheckFailCount:12

2023-06-22 16:41:45,218 INFO maxContent:10485760

2023-06-22 16:41:48,689 INFO use local db service for init

2023-06-22 16:41:49,146 WARN Lexical error at line 4, column 66.  Encountered: <EOF> after : "".

2023-06-22 16:41:49,151 WARN Syntax error: Encountered "*" at line 1, column 1.

2023-06-22 16:41:49,189 WARN Table/View 'CONFIG_INFO' already exists in Schema 'NACOS'.

2023-06-22 16:41:49,233 WARN Table/View 'HIS_CONFIG_INFO' already exists in Schema 'NACOS'.

2023-06-22 16:41:49,253 WARN Table/View 'CONFIG_INFO_BETA' already exists in Schema 'NACOS'.

2023-06-22 16:41:49,266 WARN Table/View 'CONFIG_INFO_TAG' already exists in Schema 'NACOS'.

2023-06-22 16:41:49,277 WARN Table/View 'CONFIG_INFO_AGGR' already exists in Schema 'NACOS'.

2023-06-22 16:41:49,288 WARN Table/View 'APP_LIST' already exists in Schema 'NACOS'.

2023-06-22 16:41:49,299 WARN Table/View 'APP_CONFIGDATA_RELATION_SUBS' already exists in Schema 'NACOS'.

2023-06-22 16:41:49,310 WARN Table/View 'APP_CONFIGDATA_RELATION_PUBS' already exists in Schema 'NACOS'.

2023-06-22 16:41:49,319 WARN Table/View 'CONFIG_TAGS_RELATION' already exists in Schema 'NACOS'.

2023-06-22 16:41:49,333 WARN Table/View 'GROUP_CAPACITY' already exists in Schema 'NACOS'.

2023-06-22 16:41:49,344 WARN Table/View 'TENANT_CAPACITY' already exists in Schema 'NACOS'.

2023-06-22 16:41:49,354 WARN Table/View 'TENANT_INFO' already exists in Schema 'NACOS'.

2023-06-22 16:41:49,367 WARN Table/View 'USERS' already exists in Schema 'NACOS'.

2023-06-22 16:41:49,376 WARN Table/View 'ROLES' already exists in Schema 'NACOS'.

2023-06-22 16:41:49,386 WARN Table/View 'PERMISSIONS' already exists in Schema 'NACOS'.

2023-06-22 16:41:49,443 WARN The statement was aborted because it would have caused a duplicate key value in a unique or primary key constraint or unique index identified by 'SQL230618234856370' defined on 'USERS'.

2023-06-22 16:41:49,449 WARN The statement was aborted because it would have caused a duplicate key value in a unique or primary key constraint or unique index identified by 'UK_USERNAME_ROLE' defined on 'ROLES'.

2023-06-22 16:41:49,450 WARN Lexical error at line 4, column 13.  Encountered: "`" (96), after : "".

2023-06-22 16:41:49,450 WARN Lexical error at line 1, column 13.  Encountered: "`" (96), after : "".

2023-06-22 16:41:49,450 WARN Lexical error at line 1, column 13.  Encountered: "`" (96), after : "".

2023-06-22 16:41:49,450 WARN Lexical error at line 1, column 13.  Encountered: "`" (96), after : "".

2023-06-22 16:41:49,450 INFO use StandaloneDatabaseOperateImpl

2023-06-22 16:41:50,579 WARN DumpService start

2023-06-22 16:41:50,581 INFO start clear all config-info.

2023-06-22 16:41:50,582 WARN clear all config-info failed.

2023-06-22 16:41:50,582 WARN clear all config-info-tenant failed.

2023-06-22 16:41:50,688 INFO [all-dump] 645227973410033664 / 645227973410033664

2023-06-22 16:41:50,688 INFO start clear all config-info-beta.

2023-06-22 16:41:50,688 WARN clear all config-info-beta failed.

2023-06-22 16:41:50,688 WARN clear all config-info-beta-tenant failed.

2023-06-22 16:41:50,703 INFO start clear all config-info-tag.

2023-06-22 16:41:50,704 WARN clear all config-info-tag failed.

2023-06-22 16:41:50,704 WARN clear all config-info-tag-tenant failed.

