2023-06-20 00:06:21,683 INFO [capacityManagement] start correct usage

2023-06-20 00:06:21,699 INFO [capacityManagement] end correct usage, cost: 0s

2023-06-20 00:06:21,823 WARN clearConfigHistory start

2023-06-20 00:16:21,711 INFO [capacityManagement] start correct usage

2023-06-20 00:16:21,711 INFO [capacityManagement] end correct usage, cost: 0s

2023-06-20 00:16:21,835 WARN clearConfigHistory start

2023-06-20 00:26:21,713 INFO [capacityManagement] start correct usage

2023-06-20 00:26:21,713 INFO [capacityManagement] end correct usage, cost: 0s

2023-06-20 00:26:21,838 WARN clearConfigHistory start

2023-06-20 00:36:21,716 INFO [capacityManagement] start correct usage

2023-06-20 00:36:21,716 INFO [capacityManagement] end correct usage, cost: 0s

2023-06-20 00:36:21,841 WARN clearConfigHistory start

2023-06-20 12:57:48,808 INFO Starting Nacos v1.4.3 on BaBa with PID 22272 (C:\Users\莉\Desktop\project\SpringCloud2\nacos\target\nacos-server.jar started by 莉 in C:\Users\莉\Desktop\project\SpringCloud2\nacos)

2023-06-20 12:57:48,808 INFO The following profiles are active: standalone

2023-06-20 12:57:51,009 INFO Bean 'org.springframework.security.access.expression.method.DefaultMethodSecurityExpressionHandler@11eadcba' of type [org.springframework.security.access.expression.method.DefaultMethodSecurityExpressionHandler] is not eligible for getting processed by all BeanPostProcessors (for example: not eligible for auto-proxying)

2023-06-20 12:57:51,018 INFO Bean 'methodSecurityMetadataSource' of type [org.springframework.security.access.method.DelegatingMethodSecurityMetadataSource] is not eligible for getting processed by all BeanPostProcessors (for example: not eligible for auto-proxying)

2023-06-20 12:57:51,512 INFO Tomcat initialized with port(s): 8848 (http)

2023-06-20 12:57:51,557 INFO Starting service [Tomcat]

2023-06-20 12:57:51,557 INFO Starting Servlet engine: [Apache Tomcat/9.0.38]

2023-06-20 12:57:51,570 INFO Loaded Apache Tomcat Native library [1.2.35] using APR version [1.7.0].

2023-06-20 12:57:51,571 INFO APR capabilities: IPv6 [true], sendfile [true], accept filters [false], random [true].

2023-06-20 12:57:51,571 INFO APR/OpenSSL configuration: useAprConnector [false], useOpenSSL [true]

2023-06-20 12:57:51,578 INFO OpenSSL successfully initialized [OpenSSL 1.1.1q  5 Jul 2022]

2023-06-20 12:57:51,933 INFO At least one JAR was scanned for TLDs yet contained no TLDs. Enable debug logging for this logger for a complete list of JARs that were scanned but no TLDs were found in them. Skipping unneeded JARs during scanning can improve startup time and JSP compilation time.

2023-06-20 12:57:51,986 INFO Initializing Spring embedded WebApplicationContext

2023-06-20 12:57:51,986 INFO Root WebApplicationContext: initialization completed in 3137 ms

2023-06-20 12:57:52,422 INFO HikariPool-1 - Starting...

2023-06-20 12:57:52,429 WARN Registered driver with driverClassName=org.apache.derby.jdbc.EmbeddedDriver was not found, trying direct instantiation.

2023-06-20 12:57:52,696 INFO HikariPool-1 - Driver does not support get/set network timeout for connections. (Feature not implemented: No details.)

2023-06-20 12:57:52,699 INFO HikariPool-1 - Start completed.

2023-06-20 12:57:53,477 INFO Nacos-related cluster resource initialization

2023-06-20 12:57:53,493 INFO The cluster resource is initialized

2023-06-20 12:57:54,106 INFO Reflections took 38 ms to scan 1 urls, producing 4 keys and 6 values 

2023-06-20 12:57:54,134 INFO Reflections took 6 ms to scan 1 urls, producing 6 keys and 26 values 

2023-06-20 12:57:54,149 INFO Reflections took 4 ms to scan 1 urls, producing 3 keys and 15 values 

2023-06-20 12:57:54,156 INFO Reflections took 2 ms to scan 1 urls, producing 2 keys and 12 values 

2023-06-20 12:57:54,875 INFO Initializing ExecutorService 'applicationTaskExecutor'

2023-06-20 12:57:55,000 INFO Adding welcome page: class path resource [static/index.html]

2023-06-20 12:57:55,342 INFO Creating filter chain: Ant [pattern='/**'], []

2023-06-20 12:57:55,373 INFO Creating filter chain: any request, [org.springframework.security.web.context.request.async.WebAsyncManagerIntegrationFilter@591a4f8e, org.springframework.security.web.context.SecurityContextPersistenceFilter@7978e022, org.springframework.security.web.header.HeaderWriterFilter@45aca496, org.springframework.security.web.csrf.CsrfFilter@1d50a7ca, org.springframework.security.web.authentication.logout.LogoutFilter@56382bc9, org.springframework.security.web.savedrequest.RequestCacheAwareFilter@5afbd567, org.springframework.security.web.servletapi.SecurityContextHolderAwareRequestFilter@36baa049, org.springframework.security.web.authentication.AnonymousAuthenticationFilter@53ed80d3, org.springframework.security.web.session.SessionManagementFilter@1d6d1d42, org.springframework.security.web.access.ExceptionTranslationFilter@5f174dd2]

2023-06-20 12:57:55,466 INFO Initializing ExecutorService 'taskScheduler'

2023-06-20 12:57:55,498 INFO Exposing 2 endpoint(s) beneath base path '/actuator'

2023-06-20 12:57:55,602 INFO Tomcat started on port(s): 8848 (http) with context path '/nacos'

2023-06-20 12:57:55,606 INFO Started Nacos in 8.084 seconds (JVM running for 8.647)

2023-06-20 12:57:55,606 INFO Nacos started successfully in stand alone mode. use embedded storage

2023-06-20 12:58:09,869 INFO Initializing Spring DispatcherServlet 'dispatcherServlet'

2023-06-20 12:58:09,870 INFO Initializing Servlet 'dispatcherServlet'

2023-06-20 12:58:09,881 INFO Completed initialization in 11 ms

2023-06-20 18:43:09,780 INFO Starting Nacos v1.4.3 on BaBa with PID 23592 (C:\Users\莉\Desktop\project\SpringCloud2\nacos\target\nacos-server.jar started by 莉 in C:\Users\莉\Desktop\project\SpringCloud2\nacos)

2023-06-20 18:43:09,780 INFO The following profiles are active: standalone

2023-06-20 18:43:11,731 INFO Bean 'org.springframework.security.access.expression.method.DefaultMethodSecurityExpressionHandler@12bfd80d' of type [org.springframework.security.access.expression.method.DefaultMethodSecurityExpressionHandler] is not eligible for getting processed by all BeanPostProcessors (for example: not eligible for auto-proxying)

2023-06-20 18:43:11,737 INFO Bean 'methodSecurityMetadataSource' of type [org.springframework.security.access.method.DelegatingMethodSecurityMetadataSource] is not eligible for getting processed by all BeanPostProcessors (for example: not eligible for auto-proxying)

2023-06-20 18:43:12,157 INFO Tomcat initialized with port(s): 8848 (http)

2023-06-20 18:43:12,194 INFO Starting service [Tomcat]

2023-06-20 18:43:12,194 INFO Starting Servlet engine: [Apache Tomcat/9.0.38]

2023-06-20 18:43:12,205 INFO Loaded Apache Tomcat Native library [1.2.35] using APR version [1.7.0].

2023-06-20 18:43:12,205 INFO APR capabilities: IPv6 [true], sendfile [true], accept filters [false], random [true].

2023-06-20 18:43:12,205 INFO APR/OpenSSL configuration: useAprConnector [false], useOpenSSL [true]

2023-06-20 18:43:12,211 INFO OpenSSL successfully initialized [OpenSSL 1.1.1q  5 Jul 2022]

2023-06-20 18:43:12,525 INFO At least one JAR was scanned for TLDs yet contained no TLDs. Enable debug logging for this logger for a complete list of JARs that were scanned but no TLDs were found in them. Skipping unneeded JARs during scanning can improve startup time and JSP compilation time.

2023-06-20 18:43:12,570 INFO Initializing Spring embedded WebApplicationContext

2023-06-20 18:43:12,570 INFO Root WebApplicationContext: initialization completed in 2748 ms

2023-06-20 18:43:12,966 INFO HikariPool-1 - Starting...

2023-06-20 18:43:12,973 WARN Registered driver with driverClassName=org.apache.derby.jdbc.EmbeddedDriver was not found, trying direct instantiation.

2023-06-20 18:43:13,235 INFO HikariPool-1 - Driver does not support get/set network timeout for connections. (Feature not implemented: No details.)

2023-06-20 18:43:13,237 INFO HikariPool-1 - Start completed.

2023-06-20 18:43:13,904 INFO Nacos-related cluster resource initialization

2023-06-20 18:43:13,911 INFO The cluster resource is initialized

2023-06-20 18:43:14,354 INFO Reflections took 36 ms to scan 1 urls, producing 4 keys and 6 values 

2023-06-20 18:43:14,384 INFO Reflections took 4 ms to scan 1 urls, producing 6 keys and 26 values 

2023-06-20 18:43:14,397 INFO Reflections took 4 ms to scan 1 urls, producing 3 keys and 15 values 

2023-06-20 18:43:14,405 INFO Reflections took 1 ms to scan 1 urls, producing 2 keys and 12 values 

2023-06-20 18:43:14,985 INFO Initializing ExecutorService 'applicationTaskExecutor'

2023-06-20 18:43:15,098 INFO Adding welcome page: class path resource [static/index.html]

2023-06-20 18:43:15,373 INFO Creating filter chain: Ant [pattern='/**'], []

2023-06-20 18:43:15,412 INFO Creating filter chain: any request, [org.springframework.security.web.context.request.async.WebAsyncManagerIntegrationFilter@43acd79e, org.springframework.security.web.context.SecurityContextPersistenceFilter@5a8816cc, org.springframework.security.web.header.HeaderWriterFilter@6f044c58, org.springframework.security.web.csrf.CsrfFilter@69afa141, org.springframework.security.web.authentication.logout.LogoutFilter@3a790e40, org.springframework.security.web.savedrequest.RequestCacheAwareFilter@37baddde, org.springframework.security.web.servletapi.SecurityContextHolderAwareRequestFilter@70d63e05, org.springframework.security.web.authentication.AnonymousAuthenticationFilter@1e1b061, org.springframework.security.web.session.SessionManagementFilter@4832f03b, org.springframework.security.web.access.ExceptionTranslationFilter@5b275811]

2023-06-20 18:43:15,503 INFO Initializing ExecutorService 'taskScheduler'

2023-06-20 18:43:15,532 INFO Exposing 2 endpoint(s) beneath base path '/actuator'

2023-06-20 18:43:15,628 INFO Tomcat started on port(s): 8848 (http) with context path '/nacos'

2023-06-20 18:43:15,632 INFO Started Nacos in 6.999 seconds (JVM running for 7.496)

2023-06-20 18:43:15,632 INFO Nacos started successfully in stand alone mode. use embedded storage

2023-06-20 18:43:21,280 INFO Initializing Spring DispatcherServlet 'dispatcherServlet'

2023-06-20 18:43:21,281 INFO Initializing Servlet 'dispatcherServlet'

2023-06-20 18:43:21,308 INFO Completed initialization in 25 ms

2023-06-20 18:53:14,535 INFO [capacityManagement] start correct usage

2023-06-20 18:53:14,549 INFO [capacityManagement] end correct usage, cost: 0s

2023-06-20 18:53:14,704 WARN clearConfigHistory start

2023-06-20 19:03:14,554 INFO [capacityManagement] start correct usage

2023-06-20 19:03:14,555 INFO [capacityManagement] end correct usage, cost: 0s

2023-06-20 19:03:14,724 WARN clearConfigHistory start

2023-06-20 19:13:14,557 INFO [capacityManagement] start correct usage

2023-06-20 19:13:14,557 INFO [capacityManagement] end correct usage, cost: 0s

2023-06-20 19:13:14,730 WARN clearConfigHistory start

2023-06-20 19:23:14,572 INFO [capacityManagement] start correct usage

2023-06-20 19:23:14,573 INFO [capacityManagement] end correct usage, cost: 0s

2023-06-20 19:23:14,743 WARN clearConfigHistory start

2023-06-20 19:33:14,574 INFO [capacityManagement] start correct usage

2023-06-20 19:33:14,575 INFO [capacityManagement] end correct usage, cost: 0s

2023-06-20 19:33:14,744 WARN clearConfigHistory start

