2023-06-20 00:01:51,838 INFO PERFORMANCE:|3|5|-1|-1

2023-06-20 00:06:51,844 INFO PERFORMANCE:|3|5|-1|-1

2023-06-20 00:11:51,854 INFO PERFORMANCE:|3|5|-1|-1

2023-06-20 00:16:51,865 INFO PERFORMANCE:|3|5|-1|-1

2023-06-20 00:21:51,877 INFO PERFORMANCE:|3|5|-1|-1

2023-06-20 00:26:51,891 INFO PERFORMANCE:|3|7|-1|-1

2023-06-20 00:31:51,892 INFO PERFORMANCE:|3|7|-1|-1

2023-06-20 00:36:51,896 INFO PERFORMANCE:|3|7|-1|-1

2023-06-20 00:41:51,901 INFO PERFORMANCE:|3|7|-1|-1

2023-06-20 12:58:24,622 INFO PERFORMANCE:|1|2|-1|-1

2023-06-20 13:03:24,634 INFO PERFORMANCE:|3|0|4|2

2023-06-20 18:43:44,725 INFO PERFORMANCE:|1|2|12|6

2023-06-20 18:48:44,740 INFO PERFORMANCE:|3|5|-1|-1

2023-06-20 18:53:44,753 INFO PERFORMANCE:|3|5|-1|-1

2023-06-20 18:58:44,754 INFO PERFORMANCE:|3|5|4|4

2023-06-20 19:03:44,765 INFO PERFORMANCE:|3|5|-1|-1

2023-06-20 19:08:44,779 INFO PERFORMANCE:|3|5|-1|-1

2023-06-20 19:13:44,789 INFO PERFORMANCE:|3|5|-1|-1

2023-06-20 19:18:44,790 INFO PERFORMANCE:|3|5|-1|-1

2023-06-20 19:23:44,804 INFO PERFORMANCE:|3|5|-1|-1

2023-06-20 19:28:44,810 INFO PERFORMANCE:|3|5|-1|-1

2023-06-20 20:16:19,926 INFO PERFORMANCE:|0|0|-1|-1

2023-06-20 20:21:19,927 INFO PERFORMANCE:|3|5|-1|-1

2023-06-20 20:26:19,929 INFO PERFORMANCE:|3|5|-1|-1

2023-06-20 20:31:19,937 INFO PERFORMANCE:|3|5|-1|-1

2023-06-20 20:36:19,947 INFO PERFORMANCE:|3|5|-1|-1

2023-06-20 20:41:19,960 INFO PERFORMANCE:|3|5|-1|-1

2023-06-20 20:46:19,971 INFO PERFORMANCE:|3|5|4|3

2023-06-20 20:51:19,978 INFO PERFORMANCE:|3|5|-1|-1

