2023-06-22 16:41:49,797 INFO raft peers changed: [Member{ip='192.168.56.1', port=8848, state=UP, extendInfo={raftPort=7848}}]

2023-06-22 16:41:49,828 INFO initializing Raft sub-system

2023-06-22 16:41:49,829 INFO finish loading all datums, size: 0 cost 1 ms.

2023-06-22 16:41:49,832 INFO cache loaded, datum count: 0, current term: 0

2023-06-22 16:41:49,832 INFO finish to load data from disk, cost: 4 ms.

2023-06-22 16:41:49,835 INFO timer started: leader timeout ms: 15000, heart-beat timeout ms: 5000

2023-06-22 16:41:50,451 INFO add listener: com.alibaba.nacos.naming.domains.meta.00-00---000-NACOS_SWITCH_DOMAIN-000---00-00

2023-06-22 16:41:50,464 INFO add listener: com.alibaba.nacos.naming.domains.meta.

2023-06-22 16:41:51,370 INFO leader timeout, start voting,leader: {"ip":"192.168.56.1:8848","term":0,"leaderDueMs":18436,"heartbeatDueMs":4500,"state":"FOLLOWER"}, term: 0

2023-06-22 16:41:54,794 WARN start to close old raft protocol!!!

2023-06-22 16:41:54,794 WARN stop old raft protocol task for notifier

2023-06-22 16:41:54,794 WARN stop old raft protocol task for master task

2023-06-22 16:41:54,794 WARN stop old raft protocol task for heartbeat task

2023-06-22 16:41:54,794 WARN clean old cache datum for old raft

2023-06-22 16:41:54,794 WARN start to close old raft protocol!!!

2023-06-22 16:41:54,794 WARN stop old raft protocol task for notifier

2023-06-22 16:41:54,794 WARN stop old raft protocol task for master task

2023-06-22 16:41:54,794 WARN stop old raft protocol task for heartbeat task

2023-06-22 16:41:54,794 WARN clean old cache datum for old raft

2023-06-22 16:41:54,794 WARN start to move old raft protocol metadata

2023-06-22 16:41:54,795 WARN start to move old raft protocol metadata

2023-06-22 16:41:54,795 INFO raft peers changed: [Member{ip='192.168.56.1', port=8848, state=UP, extendInfo={lastRefreshTime=1687423314795, raftPort=7848, version=1.4.3}}]

2023-06-22 16:47:05,590 INFO add listener: com.alibaba.nacos.naming.iplist.public##DEFAULT_GROUP@@book-service

2023-06-22 16:47:13,241 INFO add listener: com.alibaba.nacos.naming.iplist.public##DEFAULT_GROUP@@user-service

2023-06-22 16:47:23,630 INFO add listener: com.alibaba.nacos.naming.iplist.public##DEFAULT_GROUP@@borrow-service

